C51 COMPILER V9.00   MAIN                                                                  12/24/2012 11:47:00 PAGE 1   


C51 COMPILER V9.00, COMPILATION OF MODULE MAIN
OBJECT MODULE PLACED IN .\main.obj
COMPILER INVOKED BY: C:\Program Files\keil 4\C51\BIN\C51.EXE ..\code\main.c BROWSE DEBUG OBJECTEXTEND PRINT(.\main.lst) 
                    -TABS(2) OBJECT(.\main.obj)

line level    source

   1          /***************************飞音云电子****************************
   2          **  工程名称：YS-5051语音合成测试程序
   3          **  CPU: STC89LE52
   4          **  晶振：22.1184MHZ
   5          **  波特率：9600 bit/S
   6          **  配套产品信息：YS-语音识别模块
   7          **                http://yuesheng001.taobao.com
   8          **  作者：zdings
   9          **  联系：751956552@qq.com
  10          **  修改日期：2012.8.25
  11          **  说明：本程序 具备语音合成功能
  12                   用户在使用程序时，只需要编写好 串口发送函数PrintCom()；即可，
  13                   直接调用本文件进行播放即可，在编写程序时，注意判断语音合成模
  14                   块的返回值，根据返回值进行下一次播放，如不接收返回值则无法进
  15                   行下一次播放。
  16          /*****************************飞音云电子*******************************/
  17          
  18          #include "config.h"
*** WARNING C318 IN LINE 25 OF ..\CODE\CONFIG.H: can't open file 'LE52.H'
*** WARNING C318 IN LINE 27 OF ..\CODE\CONFIG.H: can't open file 'usart.h'
  19          
  20          void MCU_init(); 
  21          extern void XFS_FrameInfo(uint8_t Music,uint8_t *HZdata);
  22          /***********************************************************
  23          * 名    称： void  main(void)
  24          * 功    能： 主函数 程序入口
  25          * 入口参数：  
  26          * 出口参数：
  27          * 说    明：           
  28          * 调用方法： 
  29          **********************************************************/ 
  30          void  main(void)
  31          {
  32   1        MCU_init();
  33   1        UartIni(); /*串口初始化*/
*** WARNING C206 IN LINE 33 OF ..\CODE\MAIN.C: 'UartIni': missing function-prototype
  34   1      
  35   1        XFS_FrameInfo(0,"感谢您使用飞音云") ;
  36   1         while(1)
  37   1         {
  38   2        
  39   2            
  40   2        }// while
  41   1      
  42   1      }
  43          /***********************************************************
  44          * 名    称： void MCU_init()
  45          * 功    能： 单片机初始化
  46          * 入口参数：  
  47          * 出口参数：
  48          * 说    明：           
  49          * 调用方法： 
  50          **********************************************************/ 
  51          void MCU_init()
C51 COMPILER V9.00   MAIN                                                                  12/24/2012 11:47:00 PAGE 2   

  52          {
  53   1        P0 = 0xff;
*** ERROR C202 IN LINE 53 OF ..\CODE\MAIN.C: 'P0': undefined identifier
  54   1        P1 = 0xff;
*** ERROR C202 IN LINE 54 OF ..\CODE\MAIN.C: 'P1': undefined identifier
  55   1        P2 = 0xff;
*** ERROR C202 IN LINE 55 OF ..\CODE\MAIN.C: 'P2': undefined identifier
  56   1        P3 = 0xff;
*** ERROR C202 IN LINE 56 OF ..\CODE\MAIN.C: 'P3': undefined identifier
  57   1      
  58   1      }
  59          
  60          
  61          
  62          
  63          
  64          

C51 COMPILATION COMPLETE.  3 WARNING(S),  4 ERROR(S)
