C51 COMPILER V9.00   USART                                                                 12/24/2012 11:47:00 PAGE 1   


C51 COMPILER V9.00, COMPILATION OF MODULE USART
OBJECT MODULE PLACED IN .\usart.obj
COMPILER INVOKED BY: C:\Program Files\keil 4\C51\BIN\C51.EXE ..\user\usart.c BROWSE DEBUG OBJECTEXTEND PRINT(.\usart.lst
                    -) TABS(2) OBJECT(.\usart.obj)

line level    source

   1          /***************************F飞音云电子****************************
   2          **  工程名称:串口通讯函数
   3          **  CPU: STC89LE52
   4          **  晶振：22.1184MHZ
   5          **  波特率：9600 bit/S
   6          **  配套产品信息：XFS5051语音合成模块
   7          **                http://yuesheng001.taobao.com
   8          **  作者：zdings
   9          **  联系：751956552@qq.com
  10          **  修改日期：2012.12.23
  11          **  说明：
  12          /***************************飞音云电子******************************/
  13          #include "config.h"
*** WARNING C318 IN LINE 13 OF ..\user\usart.c: can't open file 'config.h'
  14          
  15          /************************************************************************
  16          函 数 名： 串口初始化
  17          功能描述： STC89LE52单片机串口初始化函数
  18          返回函数： none
  19          其他说明： none
  20          **************************************************************************/
  21          void UartIni(void)
  22          {
  23   1        
  24   1        SCON = 0x50 ; //SCON: serail mode 1, 8-bit UART, enable ucvr  
*** ERROR C202 IN LINE 24 OF ..\USER\USART.C: 'SCON': undefined identifier
  25   1        
  26   1        TMOD |= 0x20 ; //TMOD: timer 1, mode 2, 8-bit reload 
*** ERROR C202 IN LINE 26 OF ..\USER\USART.C: 'TMOD': undefined identifier
  27   1        
  28   1        PCON |= 0x80 ; //SMOD=1; 
*** ERROR C202 IN LINE 28 OF ..\USER\USART.C: 'PCON': undefined identifier
  29   1        
  30   1        TH1 = 0xF4 ; //Baud:9600 fosc=22.1148MHz 
*** ERROR C202 IN LINE 30 OF ..\USER\USART.C: 'TH1': undefined identifier
  31   1        
  32   1        IE |= 0x90 ; //Enable Serial Interrupt 
*** ERROR C202 IN LINE 32 OF ..\USER\USART.C: 'IE': undefined identifier
  33   1        
  34   1        TR1 = 1 ; // timer 1 run 
*** ERROR C202 IN LINE 34 OF ..\USER\USART.C: 'TR1': undefined identifier
  35   1        ES=1;
*** ERROR C202 IN LINE 35 OF ..\USER\USART.C: 'ES': undefined identifier
  36   1        EA=1;
*** ERROR C202 IN LINE 36 OF ..\USER\USART.C: 'EA': undefined identifier
  37   1      }
  38          /************************************************************************
  39          功能描述：  串口发送一字节数据
  40          入口参数：  DAT:带发送的数据
  41          返 回 值：  none
  42          其他说明：  none
  43          **************************************************************************/
  44          void UARTSendByte(uint8_t DAT)
*** ERROR C141 IN LINE 44 OF ..\USER\USART.C: syntax error near 'DAT', expected ')'
C51 COMPILER V9.00   USART                                                                 12/24/2012 11:47:00 PAGE 2   

  45          {
  46   1        ES  =  0;
*** ERROR C202 IN LINE 46 OF ..\USER\USART.C: 'ES': undefined identifier
  47   1        TI=0;
*** ERROR C202 IN LINE 47 OF ..\USER\USART.C: 'TI': undefined identifier
  48   1        SBUF = DAT;
*** ERROR C202 IN LINE 48 OF ..\USER\USART.C: 'SBUF': undefined identifier
  49   1        while(TI==0);
*** ERROR C202 IN LINE 49 OF ..\USER\USART.C: 'TI': undefined identifier
  50   1        TI=0;
*** ERROR C202 IN LINE 50 OF ..\USER\USART.C: 'TI': undefined identifier
  51   1        ES = 1;
*** ERROR C202 IN LINE 51 OF ..\USER\USART.C: 'ES': undefined identifier
  52   1      }
  53          
  54          /************************************************************************
  55          功能描述： 串口发送字符串数据
  56          入口参数：  *DAT：字符串指针
  57          返 回 值： none
  58          其他说明： API 供外部使用，直观！
  59          **************************************************************************/
  60          void PrintCom(uint8_t *DAT,uint8_t len)
*** ERROR C141 IN LINE 60 OF ..\USER\USART.C: syntax error near '*', expected ')'
  61          {
  62   1        uint8_t i;
*** ERROR C141 IN LINE 62 OF ..\USER\USART.C: syntax error near 'i'
*** ERROR C202 IN LINE 62 OF ..\USER\USART.C: 'i': undefined identifier
  63   1        for(i=0;i<len;i++)
*** ERROR C202 IN LINE 63 OF ..\USER\USART.C: 'i': undefined identifier
  64   1        {
  65   2          UARTSendByte(*DAT++);
*** ERROR C202 IN LINE 65 OF ..\USER\USART.C: 'DAT': undefined identifier
  66   2        } 
  67   1      }
  68          

C51 COMPILATION COMPLETE.  1 WARNING(S),  20 ERROR(S)
