C51 COMPILER V9.00   MAIN                                                                  07/03/2013 16:45:11 PAGE 1   


C51 COMPILER V9.00, COMPILATION OF MODULE MAIN
OBJECT MODULE PLACED IN ..\obj\main.obj
COMPILER INVOKED BY: C:\Keil\C51\BIN\C51.EXE ..\code\main.c BROWSE INCDIR(..\code;..\user) DEBUG OBJECTEXTEND PRINT(..\o
                    -bj\main.lst) OBJECT(..\obj\main.obj)

line level    source

   1          /***************************飞音云电子****************************
   2          **  工程名称：YS-5152语音合成测试程序
   3          **      CPU: STC89LE52
   4          **      晶振：22.1184MHZ
   5          **      波特率：9600 bit/S
   6          **      配套产品信息：YS-语音识别模块
   7          **                http://yuesheng001.taobao.com
   8          **  作者：zdings
   9          **  联系：751956552@qq.com
  10          **  修改日期：2012.8.25
  11          **  说明：本程序 具备语音合成功能
  12                                           用户在使用程序时，只需要编写好 串口发送函数PrintCom()；即可，
  13                   直接调用本文件进行播放即可，在编写程序时，注意判断语音合成模
  14                                           块的返回值，根据返回值进行下一次播放，如不接收返回值则无法进
  15                                           行下一次播放。
  16          /*****************************飞音云电子*******************************/
  17          
  18          #include "config.h"
  19          
  20          void MCU_init(); 
  21          extern void XFS_FrameInfo(uint8_t *HZdata);
  22          
  23          
  24          /***********************************************************
  25          * 名    称： void  main(void)
  26          * 功    能： 主函数     程序入口
  27          * 入口参数：  
  28          * 出口参数：
  29          * 说    明：                                     
  30          * 调用方法： 
  31          **********************************************************/ 
  32          void  main(void)
  33          {
  34   1              uint8_t i=0;
  35   1              MCU_init();
  36   1         XFS_FrameInfo("感谢使用飞音云电子产品") ;
  37   1      
  38   1         while(1)
  39   1         {
  40   2      
  41   2              }// while
  42   1      
  43   1      }
  44          /***********************************************************
  45          * 名    称： void MCU_init()
  46          * 功    能： 单片机初始化
  47          * 入口参数：  
  48          * 出口参数：
  49          * 说    明：                                     
  50          * 调用方法： 
  51          **********************************************************/ 
  52          void MCU_init()
  53          {
  54   1              P0 = 0xff;
C51 COMPILER V9.00   MAIN                                                                  07/03/2013 16:45:11 PAGE 2   

  55   1              P1 = 0xff;
  56   1              P2 = 0xff;
  57   1              P3 = 0xff;
  58   1      }
  59          
  60          


MODULE INFORMATION:   STATIC OVERLAYABLE
   CODE SIZE        =     30    ----
   CONSTANT SIZE    =     23    ----
   XDATA SIZE       =   ----    ----
   PDATA SIZE       =   ----    ----
   DATA SIZE        =   ----       1
   IDATA SIZE       =   ----    ----
   BIT SIZE         =   ----    ----
END OF MODULE INFORMATION.


C51 COMPILATION COMPLETE.  0 WARNING(S),  0 ERROR(S)
