C51 COMPILER V9.00   USART                                                                 07/03/2013 16:45:11 PAGE 1   


C51 COMPILER V9.00, COMPILATION OF MODULE USART
OBJECT MODULE PLACED IN ..\obj\usart.obj
COMPILER INVOKED BY: C:\Keil\C51\BIN\C51.EXE ..\user\usart.c BROWSE INCDIR(..\code;..\user) DEBUG OBJECTEXTEND PRINT(..\
                    -obj\usart.lst) OBJECT(..\obj\usart.obj)

line level    source

   1          /***************************飞音云电子****************************
   2          **  工程名称:串口通讯函数
   3          **      CPU: STC89LE52
   4          **      晶振：22.1184MHZ
   5          **      波特率：9600 bit/S
   6          **      配套产品信息：XFS5051语音合成模块
   7          **                http://yuesheng001.taobao.com
   8          **  作者：zdings
   9          **  联系：751956552@qq.com
  10          **  修改日期：2012.12.23
  11          **  说明：
  12          /***************************飞音云电子******************************/
  13          #include "config.h"
  14          
  15          /************************************************************************
  16          函 数 名： 串口初始化
  17          功能描述： STC89LE52单片机串口初始化函数
  18          返回函数： none
  19          其他说明： none
  20          **************************************************************************/
  21          void UartIni(void)
  22          {
  23   1              
  24   1              SCON = 0x50 ; //SCON: serail mode 1, 8-bit UART, enable ucvr  
  25   1              
  26   1              TMOD |= 0x20 ; //TMOD: timer 1, mode 2, 8-bit reload 
  27   1              
  28   1              PCON |= 0x80 ; //SMOD=1; 
  29   1              
  30   1              TH1 = 0xF4 ; //Baud:9600 fosc=22.1148MHz 
  31   1              
  32   1              IE |= 0x90 ; //Enable Serial Interrupt 
  33   1              
  34   1              TR1 = 1 ; // timer 1 run 
  35   1              ES=1;
  36   1              EA=1;
  37   1      }
  38          
  39          /***********************************************************
  40          * 名    称： 串口接收中断
  41          * 功    能： 
  42          * 入口参数： 无 
  43          * 出口参数：无
  44          * 说    明：                                     
  45          **********************************************************/
  46          void Uart_Isr() interrupt 4 using 1
  47          {       
  48   1              if(RI)
  49   1              {       
  50   2                      ES=0;
  51   2                      RI=0;
  52   2                      ES=1;
  53   2              }
  54   1      
C51 COMPILER V9.00   USART                                                                 07/03/2013 16:45:11 PAGE 2   

  55   1      }
  56          /************************************************************************
  57          功能描述：      串口发送一字节数据
  58          入口参数：      DAT:带发送的数据
  59          返 回 值：      none
  60          其他说明：      none
  61          **************************************************************************/
  62          void UARTSendByte(uint8_t DAT)
  63          {
  64   1              ES  =  0;
  65   1              TI=0;
  66   1              SBUF = DAT;
  67   1              while(TI==0);
  68   1              TI=0;
  69   1              ES = 1;
  70   1      }
  71          
  72          /************************************************************************
  73          功能描述： 串口发送字符串数据
  74          入口参数：      *DAT：字符串指针
  75          返 回 值： none
  76          其他说明： API 供外部使用，直观！
  77          **************************************************************************/
  78          void PrintCom(uint8_t *DAT,uint8_t len)
  79          {
  80   1              uint8_t i;
  81   1              for(i=0;i<len;i++)
  82   1              {
  83   2                      UARTSendByte(*DAT++);
  84   2              }       
  85   1      }
  86          


MODULE INFORMATION:   STATIC OVERLAYABLE
   CODE SIZE        =     84    ----
   CONSTANT SIZE    =   ----    ----
   XDATA SIZE       =   ----    ----
   PDATA SIZE       =   ----    ----
   DATA SIZE        =   ----       3
   IDATA SIZE       =   ----    ----
   BIT SIZE         =   ----    ----
END OF MODULE INFORMATION.


C51 COMPILATION COMPLETE.  0 WARNING(S),  0 ERROR(S)
