Removed Pin From Net: NetName=P1 Pin=J1-1
Removed Pin From Net: NetName=P2 Pin=J1-2
Removed Pin From Net: NetName=P3 Pin=J1-3
Removed Pin From Net: NetName=P4 Pin=J1-4
Removed Pin From Net: NetName=P5 Pin=J1-5
Removed Pin From Net: NetName=P6 Pin=J1-6
Removed Pin From Net: NetName=P7 Pin=J1-7
Removed Pin From Net: NetName=P8 Pin=J1-8
Removed Pin From Net: NetName=P5 Pin=J2-5
Removed Pin From Net: NetName=P6 Pin=J2-6
Removed Pin From Net: NetName=P7 Pin=J2-7
Removed Pin From Net: NetName=P8 Pin=J2-8
Removed Pin From Net: NetName=P11 Pin=J3-1
Removed Pin From Net: NetName=P21 Pin=J3-2
Removed Pin From Net: NetName=P31 Pin=J3-3
Removed Pin From Net: NetName=P41 Pin=J3-4
Removed Pin From Net: NetName=P11 Pin=J4-1
Removed Pin From Net: NetName=P21 Pin=J4-2
Removed Pin From Net: NetName=P31 Pin=J4-3
Removed Pin From Net: NetName=P41 Pin=J4-4
Removed Pin From Net: NetName=P51 Pin=J4-5
Removed Pin From Net: NetName=P61 Pin=J4-6
Removed Pin From Net: NetName=P71 Pin=J4-7
Removed Pin From Net: NetName=P81 Pin=J4-8
Removed Member From Class: ClassName=jp_2021.3.10 Member=J1
Removed Member From Class: ClassName=jp_2021.3.10 Member=J4
Added Component: Designator=J?(row A)
Add component. Clean all parameters for all variants
Added Component: Designator=J?(row A)
Add component. Clean all parameters for all variants
Added Pin To Net: NetName=P11 Pin=J2-5
Added Pin To Net: NetName=P21 Pin=J2-6
Added Pin To Net: NetName=P31 Pin=J2-7
Added Pin To Net: NetName=P41 Pin=J2-8
Added Pin To Net: NetName=P5 Pin=J3-1
Added Pin To Net: NetName=P6 Pin=J3-2
Added Pin To Net: NetName=P7 Pin=J3-3
Added Pin To Net: NetName=P8 Pin=J3-4
Added Pin To Net: NetName=P1 Pin=J?-1
Added Pin To Net: NetName=P11 Pin=J?-1
Added Pin To Net: NetName=P2 Pin=J?-2
Added Pin To Net: NetName=P21 Pin=J?-2
Added Pin To Net: NetName=P3 Pin=J?-3
Added Pin To Net: NetName=P31 Pin=J?-3
Added Pin To Net: NetName=P4 Pin=J?-4
Added Pin To Net: NetName=P41 Pin=J?-4
Added Pin To Net: NetName=P5 Pin=J?-5
Added Pin To Net: NetName=P51 Pin=J?-5
Added Pin To Net: NetName=P6 Pin=J?-6
Added Pin To Net: NetName=P61 Pin=J?-6
Added Pin To Net: NetName=P7 Pin=J?-7
Added Pin To Net: NetName=P71 Pin=J?-7
Added Pin To Net: NetName=P8 Pin=J?-8
Added Pin To Net: NetName=P81 Pin=J?-8
Added Member To Class: ClassName=jp_2021.3.10 Member=Component J? row A
Added Member To Class: ClassName=jp_2021.3.10 Member=Component J? row A
