Added Component: Designator=C1(0603P)
Added Component: Designator=C2(0603P)
Added Component: Designator=C3(0603P)
Added Component: Designator=C4(0805)
Added Component: Designator=C5(0603P)
Added Component: Designator=C6(0805)
Added Component: Designator=C7(0603P)
Added Component: Designator=C8(0805)
Added Component: Designator=C9(0603P)
Added Component: Designator=C10(0603P)
Added Component: Designator=C11(0603P)
Added Component: Designator=C13(0805)
Added Component: Designator=C14(0805)
Added Component: Designator=C15(0603P)
Added Component: Designator=C16(0603P)
Added Component: Designator=C17(0603P)
Added Component: Designator=C19(0603P)
Added Component: Designator=C20(0603P)
Added Component: Designator=C21(0603P)
Added Component: Designator=C32(0603P)
Added Component: Designator=C33(0603P)
Added Component: Designator=C34(0603P)
Added Component: Designator=D1(3.2X1.6X1.1)
Added Component: Designator=FB1(0603P)
Added Component: Designator=P1(HDR1X3)
Added Component: Designator=P2(HDR2X6_CEN)
Added Component: Designator=P3(HDR1X2)
Added Component: Designator=P4(HDR1X2)
Added Component: Designator=R1(0603P)
Added Component: Designator=R2(R0603)
Added Component: Designator=R5(R0603)
Added Component: Designator=R6(R0603)
Added Component: Designator=R8(R0603)
Added Component: Designator=R9(R0603)
Added Component: Designator=R10(R0603)
Added Component: Designator=R11(R0603)
Added Component: Designator=R12(R0603)
Added Component: Designator=R14(R0603)
Added Component: Designator=R17(R0603)
Added Component: Designator=R18(R0603)
Added Component: Designator=R23(R0603)
Added Component: Designator=R24(R0603)
Added Component: Designator=R30(R0603)
Added Component: Designator=R31(R0603)
Added Component: Designator=RX1(0603P)
Added Component: Designator=U1(LQFP64)
Added Component: Designator=U2(SOP-8)
Added Component: Designator=Y1(XTAL_US)
Added Pin To Net: NetName=12MI Pin=C15-2
Added Pin To Net: NetName=12MI Pin=R2-1
Added Pin To Net: NetName=12MI Pin=U1-26
Added Pin To Net: NetName=12MI Pin=Y1-1
Added Net: Name=12MI
Added Pin To Net: NetName=12MO Pin=C21-2
Added Pin To Net: NetName=12MO Pin=R2-2
Added Pin To Net: NetName=12MO Pin=U1-27
Added Net: Name=12MO
Added Pin To Net: NetName=A3 Pin=R23-2
Added Pin To Net: NetName=A3 Pin=U1-62
Added Net: Name=A3
Added Pin To Net: NetName=A4 Pin=R24-1
Added Pin To Net: NetName=A4 Pin=U1-29
Added Net: Name=A4
Added Pin To Net: NetName=ADAC0 Pin=C11-1
Added Pin To Net: NetName=ADAC0 Pin=C33-2
Added Net: Name=ADAC0
Added Pin To Net: NetName=AVDD12 Pin=C17-1
Added Pin To Net: NetName=AVDD12 Pin=U1-24
Added Net: Name=AVDD12
Added Pin To Net: NetName=AVDD33 Pin=C6-1
Added Pin To Net: NetName=AVDD33 Pin=C7-2
Added Pin To Net: NetName=AVDD33 Pin=C10-2
Added Pin To Net: NetName=AVDD33 Pin=FB1-1
Added Pin To Net: NetName=AVDD33 Pin=U1-2
Added Pin To Net: NetName=AVDD33 Pin=U1-7
Added Pin To Net: NetName=AVDD33 Pin=U1-17
Added Net: Name=AVDD33
Added Pin To Net: NetName=BAUD1 Pin=R5-2
Added Pin To Net: NetName=BAUD1 Pin=R8-2
Added Pin To Net: NetName=BAUD1 Pin=U1-56
Added Net: Name=BAUD1
Added Pin To Net: NetName=BAUD2 Pin=R10-2
Added Pin To Net: NetName=BAUD2 Pin=R12-1
Added Pin To Net: NetName=BAUD2 Pin=U1-55
Added Net: Name=BAUD2
Added Pin To Net: NetName=D0 Pin=U1-16
Added Pin To Net: NetName=D0 Pin=U1-57
Added Net: Name=D0
Added Pin To Net: NetName=D1 Pin=U1-21
Added Pin To Net: NetName=D1 Pin=U1-60
Added Net: Name=D1
Added Pin To Net: NetName=D2 Pin=U1-49
Added Pin To Net: NetName=D2 Pin=U1-50
Added Net: Name=D2
Added Pin To Net: NetName=D3 Pin=U1-51
Added Pin To Net: NetName=D3 Pin=U1-59
Added Net: Name=D3
Added Pin To Net: NetName=GND Pin=C1-1
Added Pin To Net: NetName=GND Pin=C2-1
Added Pin To Net: NetName=GND Pin=C3-1
Added Pin To Net: NetName=GND Pin=C4-2
Added Pin To Net: NetName=GND Pin=C5-1
Added Pin To Net: NetName=GND Pin=C6-2
Added Pin To Net: NetName=GND Pin=C7-1
Added Pin To Net: NetName=GND Pin=C8-2
Added Pin To Net: NetName=GND Pin=C9-1
Added Pin To Net: NetName=GND Pin=C10-1
Added Pin To Net: NetName=GND Pin=C13-2
Added Pin To Net: NetName=GND Pin=C14-2
Added Pin To Net: NetName=GND Pin=C15-1
Added Pin To Net: NetName=GND Pin=C16-2
Added Pin To Net: NetName=GND Pin=C17-2
Added Pin To Net: NetName=GND Pin=C19-2
Added Pin To Net: NetName=GND Pin=C20-2
Added Pin To Net: NetName=GND Pin=C21-1
Added Pin To Net: NetName=GND Pin=C32-2
Added Pin To Net: NetName=GND Pin=C34-2
Added Pin To Net: NetName=GND Pin=P2-10
Added Pin To Net: NetName=GND Pin=P3-1
Added Pin To Net: NetName=GND Pin=R1-1
Added Pin To Net: NetName=GND Pin=R5-1
Added Pin To Net: NetName=GND Pin=R10-1
Added Pin To Net: NetName=GND Pin=R23-1
Added Pin To Net: NetName=GND Pin=U1-4
Added Pin To Net: NetName=GND Pin=U1-10
Added Pin To Net: NetName=GND Pin=U1-14
Added Pin To Net: NetName=GND Pin=U1-25
Added Pin To Net: NetName=GND Pin=U1-37
Added Pin To Net: NetName=GND Pin=U1-52
Added Pin To Net: NetName=GND Pin=U1-64
Added Pin To Net: NetName=GND Pin=U2-1
Added Pin To Net: NetName=GND Pin=U2-7
Added Net: Name=GND
Added Pin To Net: NetName=IIC_SCL Pin=P2-11
Added Pin To Net: NetName=IIC_SCL Pin=R17-2
Added Pin To Net: NetName=IIC_SCL Pin=U1-47
Added Net: Name=IIC_SCL
Added Pin To Net: NetName=IIC_SDA Pin=P2-12
Added Pin To Net: NetName=IIC_SDA Pin=R18-2
Added Pin To Net: NetName=IIC_SDA Pin=U1-48
Added Net: Name=IIC_SDA
Added Pin To Net: NetName=MIC_BIAS Pin=C13-1
Added Pin To Net: NetName=MIC_BIAS Pin=P1-3
Added Pin To Net: NetName=MIC_BIAS Pin=U1-12
Added Net: Name=MIC_BIAS
Added Pin To Net: NetName=MIC_N Pin=P1-1
Added Pin To Net: NetName=MIC_N Pin=U1-13
Added Net: Name=MIC_N
Added Pin To Net: NetName=MIC_P Pin=P1-2
Added Pin To Net: NetName=MIC_P Pin=U1-15
Added Net: Name=MIC_P
Added Pin To Net: NetName=NetC11_2 Pin=C11-2
Added Pin To Net: NetName=NetC11_2 Pin=U1-8
Added Net: Name=NetC11_2
Added Pin To Net: NetName=NetC14_1 Pin=C14-1
Added Pin To Net: NetName=NetC14_1 Pin=U1-11
Added Net: Name=NetC14_1
Added Pin To Net: NetName=NetC32_1 Pin=C32-1
Added Pin To Net: NetName=NetC32_1 Pin=U2-2
Added Pin To Net: NetName=NetC32_1 Pin=U2-3
Added Net: Name=NetC32_1
Added Pin To Net: NetName=NetC33_1 Pin=C33-1
Added Pin To Net: NetName=NetC33_1 Pin=R31-1
Added Pin To Net: NetName=NetC33_1 Pin=U2-4
Added Net: Name=NetC33_1
Added Pin To Net: NetName=NetD1_1 Pin=D1-1
Added Pin To Net: NetName=NetD1_1 Pin=RX1-2
Added Net: Name=NetD1_1
Added Pin To Net: NetName=NetR1_2 Pin=R1-2
Added Pin To Net: NetName=NetR1_2 Pin=U1-3
Added Net: Name=NetR1_2
Added Pin To Net: NetName=NetU1_53 Pin=U1-53
Added Pin To Net: NetName=NetU1_53 Pin=U1-54
Added Net: Name=NetU1_53
Added Pin To Net: NetName=PWR_IN Pin=C19-1
Added Pin To Net: NetName=PWR_IN Pin=C34-1
Added Pin To Net: NetName=PWR_IN Pin=P2-7
Added Pin To Net: NetName=PWR_IN Pin=P3-2
Added Pin To Net: NetName=PWR_IN Pin=RX1-1
Added Pin To Net: NetName=PWR_IN Pin=U1-20
Added Pin To Net: NetName=PWR_IN Pin=U2-6
Added Net: Name=PWR_IN
Added Pin To Net: NetName=RDY Pin=D1-2
Added Pin To Net: NetName=RDY Pin=P2-5
Added Pin To Net: NetName=RDY Pin=R9-2
Added Pin To Net: NetName=RDY Pin=U1-40
Added Net: Name=RDY
Added Pin To Net: NetName=RESET Pin=C20-1
Added Pin To Net: NetName=RESET Pin=P2-6
Added Pin To Net: NetName=RESET Pin=R30-2
Added Pin To Net: NetName=RESET Pin=U1-28
Added Net: Name=RESET
Added Pin To Net: NetName=RXD Pin=P2-9
Added Pin To Net: NetName=RXD Pin=R11-2
Added Pin To Net: NetName=RXD Pin=U1-39
Added Net: Name=RXD
Added Pin To Net: NetName=SPI_CLK Pin=P2-3
Added Pin To Net: NetName=SPI_CLK Pin=U1-42
Added Net: Name=SPI_CLK
Added Pin To Net: NetName=SPI_CS Pin=P2-4
Added Pin To Net: NetName=SPI_CS Pin=R14-2
Added Pin To Net: NetName=SPI_CS Pin=U1-43
Added Net: Name=SPI_CS
Added Pin To Net: NetName=SPI_MISO Pin=P2-2
Added Pin To Net: NetName=SPI_MISO Pin=U1-45
Added Net: Name=SPI_MISO
Added Pin To Net: NetName=SPI_MOSI Pin=P2-1
Added Pin To Net: NetName=SPI_MOSI Pin=U1-44
Added Net: Name=SPI_MOSI
Added Pin To Net: NetName=SPKL Pin=P4-2
Added Pin To Net: NetName=SPKL Pin=R31-2
Added Pin To Net: NetName=SPKL Pin=U2-5
Added Net: Name=SPKL
Added Pin To Net: NetName=SPKN Pin=P4-1
Added Pin To Net: NetName=SPKN Pin=U2-8
Added Net: Name=SPKN
Added Pin To Net: NetName=TXD Pin=P2-8
Added Pin To Net: NetName=TXD Pin=R6-2
Added Pin To Net: NetName=TXD Pin=U1-41
Added Net: Name=TXD
Added Pin To Net: NetName=VDD12 Pin=C2-2
Added Pin To Net: NetName=VDD12 Pin=C8-1
Added Pin To Net: NetName=VDD12 Pin=C9-2
Added Pin To Net: NetName=VDD12 Pin=U1-1
Added Pin To Net: NetName=VDD12 Pin=U1-23
Added Net: Name=VDD12
Added Pin To Net: NetName=VDD33 Pin=C1-2
Added Pin To Net: NetName=VDD33 Pin=C3-2
Added Pin To Net: NetName=VDD33 Pin=C4-1
Added Pin To Net: NetName=VDD33 Pin=C5-2
Added Pin To Net: NetName=VDD33 Pin=FB1-2
Added Pin To Net: NetName=VDD33 Pin=R6-1
Added Pin To Net: NetName=VDD33 Pin=R8-1
Added Pin To Net: NetName=VDD33 Pin=R9-1
Added Pin To Net: NetName=VDD33 Pin=R11-1
Added Pin To Net: NetName=VDD33 Pin=R12-2
Added Pin To Net: NetName=VDD33 Pin=R14-1
Added Pin To Net: NetName=VDD33 Pin=R17-1
Added Pin To Net: NetName=VDD33 Pin=R18-1
Added Pin To Net: NetName=VDD33 Pin=R24-2
Added Pin To Net: NetName=VDD33 Pin=R30-1
Added Pin To Net: NetName=VDD33 Pin=U1-22
Added Pin To Net: NetName=VDD33 Pin=U1-36
Added Pin To Net: NetName=VDD33 Pin=U1-46
Added Net: Name=VDD33
Added Pin To Net: NetName=VREF Pin=C16-1
Added Pin To Net: NetName=VREF Pin=U1-18
Added Net: Name=VREF
Added Class: Name=日原理图
Added Room: Name=日原理图
